make all --print-data-base --no-builtin-variables --no-builtin-rules --question
# GNU Make 4.2.1
# Built for x86_64-pc-linux-gnu
# Copyright (C) 1988-2016 Free Software Foundation, Inc.
# License GPLv3+: GNU GPL version 3 or later <http://gnu.org/licenses/gpl.html>
# This is free software: you are free to change and redistribute it.
# There is NO WARRANTY, to the extent permitted by law.

# Make data base, printed on Fri May 20 02:47:54 2022

# Variables

# 'override' directive
GNUMAKEFLAGS := 
# automatic
<D = $(patsubst %/,%,$(dir $<))
# automatic
?F = $(notdir $?)
# environment
DESKTOP_SESSION = ubuntu
# default
.SHELLFLAGS := -c
# environment
XDG_SESSION_CLASS = user
# environment
XDG_SESSION_TYPE = x11
# environment
VSCODE_LOG_NATIVE = false
# automatic
?D = $(patsubst %/,%,$(dir $?))
# environment
IM_CONFIG_PHASE = 1
# automatic
@D = $(patsubst %/,%,$(dir $@))
# environment
XAUTHORITY = /run/user/1000/gdm/Xauthority
# environment
GDMSESSION = ubuntu
# environment
XMODIFIERS = @im=ibus
# makefile
CURDIR := /home/ged/Faculdade/SO/MAGNAEATS
# makefile
SHELL = /bin/sh
# environment
VSCODE_NLS_CONFIG = {"locale":"en-us","availableLanguages":{},"_languagePackSupport":true}
# environment
_ = /usr/share/code/code
# makefile (from 'makefile', line 14)
CFLAGS = -g -Wall -I $(INC_DIR)
# environment
JOURNAL_STREAM = 8:32853
# environment
XDG_CONFIG_DIRS = /etc/xdg/xdg-ubuntu:/etc/xdg
# makefile (from 'makefile', line 1)
MAKEFILE_LIST :=  makefile
# automatic
@F = $(notdir $@)
# makefile (from 'makefile', line 22)
driver.o = memory.h main.h driver.h synchronization.h
# environment
GIO_LAUNCHED_DESKTOP_FILE = /usr/share/applications/code.desktop
# environment
USERNAME = ged
# environment
MAKELEVEL := 0
# environment
XDG_DATA_DIRS = /usr/share/ubuntu:/usr/local/share/:/usr/share/:/var/lib/snapd/desktop
# environment
DBUS_SESSION_BUS_ADDRESS = unix:path=/run/user/1000/bus
# environment
VSCODE_VERBOSE_LOGGING = true
# environment
LC_CTYPE = pt_PT.UTF-8
# makefile (from 'makefile', line 20)
process.o = memory.h main.h process.h client.h restaurant.h driver.h synchronization.h
# environment
MANAGERPID = 1032
# environment
LESSOPEN = | /usr/bin/lesspipe %s
# environment
LC_NAME = pt_PT.UTF-8
# environment
VSCODE_CWD = /home/ged
# default
MAKE_HOST := x86_64-pc-linux-gnu
# environment
PATH = /usr/local/sbin:/usr/local/bin:/usr/sbin:/usr/bin:/sbin:/bin:/usr/games:/usr/local/games:/snap/bin
# environment
GPG_AGENT_INFO = /run/user/1000/gnupg/S.gpg-agent:0:1
# environment
GJS_DEBUG_OUTPUT = stderr
# environment
SESSION_MANAGER = local/Ged:@/tmp/.ICE-unix/1308,unix/Ged:/tmp/.ICE-unix/1308
# environment
XDG_RUNTIME_DIR = /run/user/1000
# makefile (from 'makefile', line 21)
client.o = memory.h main.h client.h synchronization.h
# makefile (from 'makefile', line 7)
OBJ_dir = obj
# environment
XDG_MENU_PREFIX = gnome-
# environment
VSCODE_LOG_STACK = false
# environment
ELECTRON_RUN_AS_NODE = 1
# environment
INVOCATION_ID = bc5cb627ed154577afea5ae0f0b9ec61
# default
.FEATURES := target-specific order-only second-expansion else-if shortest-stem undefine oneshell archives jobserver output-sync check-symlink load
# environment
LS_COLORS = 
# environment
XDG_SESSION_DESKTOP = ubuntu
# environment
SSH_AUTH_SOCK = /run/user/1000/keyring/ssh
# environment
GIO_LAUNCHED_DESKTOP_FILE_PID = 9351
# automatic
%F = $(notdir $%)
# environment
DISPLAY = :0
# environment
VSCODE_PIPE_LOGGING = true
# environment
PWD = /home/ged/Faculdade/SO/MAGNAEATS
# default
.LOADED := 
# environment
SSH_AGENT_PID = 1245
# environment
ORIGINAL_XDG_CURRENT_DESKTOP = ubuntu:GNOME
# makefile (from 'makefile', line 10)
INC_DIR = include
# environment
GTK_MODULES = gail:atk-bridge
# environment
VSCODE_AMD_ENTRYPOINT = vs/workbench/api/node/extensionHostProcess
# environment
HOME = /home/ged
# environment
LESSCLOSE = /usr/bin/lesspipe %s %s
# environment
VSCODE_CODE_CACHE_PATH = /home/ged/.config/Code/CachedData/c3511e6c69bb39013c4a4b7b9566ec1ca73fc4d5
# environment
LOGNAME = ged
# environment
APPLICATION_INSIGHTS_NO_DIAGNOSTIC_CHANNEL = 1
# automatic
+F = $(notdir $+)
# environment
VSCODE_HANDLES_UNCAUGHT_ERRORS = true
# environment
GNOME_DESKTOP_SESSION_ID = this-is-deprecated
# automatic
^D = $(patsubst %/,%,$(dir $^))
# environment
LC_TIME = pt_PT.UTF-8
# default
MAKE = $(MAKE_COMMAND)
# default
MAKECMDGOALS := all
# environment
QT_IM_MODULE = ibus
# environment
SHLVL = 0
# makefile (from 'makefile', line 12)
CC = gcc
# environment
GNOME_SHELL_SESSION_MODE = ubuntu
# environment
VSCODE_IPC_HOOK_EXTHOST = /run/user/1000/vscode-ipc-8db37f4d-644f-4711-984c-4444ab8b489b.sock
# default
MAKE_VERSION := 4.2.1
# environment
USER = ged
# environment
LC_MONETARY = pt_PT.UTF-8
# makefile
.DEFAULT_GOAL := magnaeats
# environment
XDG_CURRENT_DESKTOP = Unity
# automatic
%D = $(patsubst %/,%,$(dir $%))
# makefile (from 'makefile', line 8)
BIN_dir = bin
# environment
LC_TELEPHONE = pt_PT.UTF-8
# default
MAKE_COMMAND := make
# default
.VARIABLES := 
# automatic
*F = $(notdir $*)
# environment
VSCODE_IPC_HOOK = /run/user/1000/vscode-f34ed0e1-1.67.2-main.sock
# makefile
MAKEFLAGS = pqrR
# environment
MFLAGS = -pqrR
# automatic
*D = $(patsubst %/,%,$(dir $*))
# automatic
+D = $(patsubst %/,%,$(dir $+))
# environment
GDK_BACKEND = x11
# environment
LC_PAPER = pt_PT.UTF-8
# environment
QT_ACCESSIBILITY = 1
# default
MAKEFILES := 
# environment
LC_NUMERIC = pt_PT.UTF-8
# automatic
<F = $(notdir $<)
# makefile (from 'makefile', line 19)
main.o = main.h memory.h process.h client.h driver.h restaurant.h synchronization.h
# environment
LC_MEASUREMENT = pt_PT.UTF-8
# environment
LC_ALL = C
# environment
GJS_DEBUG_TOPICS = JS ERROR;JS LOG
# makefile (from 'makefile', line 15)
LIBS = -lm -lrt -lpthread
# automatic
^F = $(notdir $^)
# makefile (from 'makefile', line 23)
restaurant.o = memory.h main.h restaurant.h synchronization.h
# default
SUFFIXES := 
# environment
CHROME_DESKTOP = code-url-handler.desktop
# environment
WINDOWPATH = 2
# default
.INCLUDE_DIRS = /usr/include /usr/local/include /usr/include
# environment
LC_IDENTIFICATION = pt_PT.UTF-8
# default
.RECIPEPREFIX := 
# makefile (from 'makefile', line 17)
OBJECTS = main.o memory.o process.o client.o driver.o restaurant.o synchronization.o
# environment
LC_ADDRESS = pt_PT.UTF-8
# environment
LANG = C
# makefile (from 'makefile', line 9)
SRC_dir = src
# environment
VSCODE_PID = 9351
# variable set hash-table stats:
# Load=120/1024=12%, Rehash=0, Collisions=23/149=15%

# Pattern-specific Variable Values

# No pattern-specific variable values.

# Directories

# . (device 2053, inode 1312490): 11 files, no impossibilities.
# src (device 2053, inode 1312587): No files, no impossibilities so far.

# 11 files, no impossibilities in 2 directories.

# Implicit Rules

%.o: src/%.c
#  recipe to execute (from 'makefile', line 30):
	$(CC) $(CFLAGS) -o $(OBJ_dir)/$@ -c $<

# 1 implicit rules, 0 (0.0%) terminal.

# Files

clear:
#  Implicit rule search has not been done.
#  Modification time never checked.
#  File has not been updated.
#  recipe to execute (from 'makefile', line 33):
	rm -f $(OBJ_dir)/*.o
	rm -f $(BIN_dir)/magnaeats
 
make: *** No rule to make target 'all'.  Stop.


# Not a target:
all:
#  Command line target.
#  Implicit rule search has been done.
#  File does not exist.
#  File has not been updated.

# Not a target:
client.o:
#  Implicit rule search has not been done.
#  Modification time never checked.
#  File has not been updated.

# Not a target:
driver.o:
#  Implicit rule search has not been done.
#  Modification time never checked.
#  File has not been updated.

# Not a target:
process.o:
#  Implicit rule search has not been done.
#  Modification time never checked.
#  File has not been updated.

magnaeats: main.o memory.o process.o client.o driver.o restaurant.o synchronization.o
#  Implicit rule search has not been done.
#  Modification time never checked.
#  File has not been updated.
#  recipe to execute (from 'makefile', line 27):
	$(CC) $(addprefix $(OBJ_dir)/,$(OBJECTS)) -o $(BIN_dir)/magnaeats $(LIBS)

# Not a target:
makefile:
#  Implicit rule search has been done.
#  Last modified 2022-05-18 19:40:22.663447806
#  File has been updated.
#  Successfully updated.

# Not a target:
synchronization.o:
#  Implicit rule search has not been done.
#  Modification time never checked.
#  File has not been updated.

# Not a target:
.DEFAULT:
#  Implicit rule search has not been done.
#  Modification time never checked.
#  File has not been updated.

# Not a target:
main.o:
#  Implicit rule search has not been done.
#  Modification time never checked.
#  File has not been updated.

# Not a target:
restaurant.o:
#  Implicit rule search has not been done.
#  Modification time never checked.
#  File has not been updated.

# Not a target:
memory.o:
#  Implicit rule search has not been done.
#  Modification time never checked.
#  File has not been updated.

# files hash-table stats:
# Load=13/1024=1%, Rehash=0, Collisions=0/30=0%
# VPATH Search Paths

# No 'vpath' search paths.

# No general ('VPATH' variable) search path.

# strcache buffers: 1 (0) / strings = 27 / storage = 226 B / avg = 8 B
# current buf: size = 8162 B / used = 226 B / count = 27 / avg = 8 B

# strcache performance: lookups = 34 / hit rate = 20%
# hash-table stats:
# Load=27/8192=0%, Rehash=0, Collisions=1/34=3%
# Finished Make data base on Fri May 20 02:47:54 2022

 
